<?xml version="1.0" encoding="UTF-8"?>
<!-- Generated by org.testng.reporters.JUnitReportReporter -->
<testsuite hostname="DESKTOP-CU3G818" failures="0" tests="1" name="negative_flow.apiAutomation" time="2.970" errors="0" timestamp="2022-11-29T22:42:46 IST" skipped="0">
  <testcase classname="negative_flow.apiAutomation" name="post" time="2.970"/>
  <system-out/>
</testsuite> <!-- negative_flow.apiAutomation -->
