<?xml version="1.0" encoding="UTF-8"?>
<!-- Generated by org.testng.reporters.JUnitReportReporter -->
<testsuite hostname="DESKTOP-CU3G818" failures="0" tests="1" name="apiInvalidTest.apiAutomation" time="2.974" errors="0" timestamp="2022-11-29T22:56:38 IST" skipped="0">
  <testcase classname="apiInvalidTest.apiAutomation" name="post" time="2.974"/>
  <system-out/>
</testsuite> <!-- apiInvalidTest.apiAutomation -->
