<?xml version="1.0" encoding="UTF-8"?>
<!-- Generated by org.testng.reporters.JUnitReportReporter -->
<testsuite hostname="DESKTOP-CU3G818" failures="0" tests="2" name="API.automate_api.apiAutomation" time="23.925" errors="0" timestamp="2022-11-29T22:20:49 IST" skipped="0">
  <testcase classname="API.automate_api.apiAutomation" name="DemoDetails2" time="4.361"/>
  <system-out/>
  <testcase classname="API.automate_api.apiAutomation" name="DemoDetails" time="19.564"/>
  <system-out/>
</testsuite> <!-- API.automate_api.apiAutomation -->
