<?xml version="1.0" encoding="UTF-8"?>
<!-- Generated by org.testng.reporters.JUnitReportReporter -->
<testsuite hostname="DESKTOP-CU3G818" failures="0" tests="1" name="API.automate_api.apiAutomation2" time="4.448" errors="0" timestamp="2022-11-29T22:21:13 IST" skipped="0">
  <testcase classname="API.automate_api.apiAutomation2" name="post" time="4.448"/>
  <system-out/>
</testsuite> <!-- API.automate_api.apiAutomation2 -->
