<?xml version="1.0" encoding="UTF-8"?>
<!-- Generated by org.testng.reporters.JUnitReportReporter -->
<testsuite hostname="DESKTOP-CU3G818" failures="0" tests="2" name="API.automate_api.api1" time="29.632" errors="0" timestamp="27 Nov 2022 15:56:41 GMT">
  <testcase classname="API.automate_api.api1" name="DemoDetails2" time="4.855"/>
  <testcase classname="API.automate_api.api1" name="DemoDetails" time="24.777"/>
</testsuite> <!-- API.automate_api.api1 -->
