<?xml version="1.0" encoding="UTF-8"?>
<!-- Generated by org.testng.reporters.JUnitReportReporter -->
<testsuite hostname="DESKTOP-CU3G818" failures="0" tests="2" name="apiHappyPathTest.apiAutomation" time="30.126" errors="0" timestamp="2022-11-29T22:53:59 IST" skipped="0">
  <testcase classname="apiHappyPathTest.apiAutomation" name="DemoDetails2" time="4.414"/>
  <system-out/>
  <testcase classname="apiHappyPathTest.apiAutomation" name="DemoDetails" time="25.712"/>
  <system-out/>
</testsuite> <!-- apiHappyPathTest.apiAutomation -->
